d:\ngee ann\semester 6\game programming\assignment 2\assignment 2 final submission\gp assgn2 final game\waffelo\debug\vc120.pdb
d:\ngee ann\semester 6\game programming\assignment 2\assignment 2 final submission\gp assgn2 final game\waffelo\debug\vc120.idb
d:\ngee ann\semester 6\game programming\assignment 2\assignment 2 final submission\gp assgn2 final game\waffelo\debug\game.obj
d:\ngee ann\semester 6\game programming\assignment 2\assignment 2 final submission\gp assgn2 final game\waffelo\debug\graphics.obj
d:\ngee ann\semester 6\game programming\assignment 2\assignment 2 final submission\gp assgn2 final game\waffelo\debug\image.obj
d:\ngee ann\semester 6\game programming\assignment 2\assignment 2 final submission\gp assgn2 final game\waffelo\debug\input.obj
d:\ngee ann\semester 6\game programming\assignment 2\assignment 2 final submission\gp assgn2 final game\waffelo\debug\jumphigh.obj
d:\ngee ann\semester 6\game programming\assignment 2\assignment 2 final submission\gp assgn2 final game\waffelo\debug\planet.obj
d:\ngee ann\semester 6\game programming\assignment 2\assignment 2 final submission\gp assgn2 final game\waffelo\debug\cake.obj
d:\ngee ann\semester 6\game programming\assignment 2\assignment 2 final submission\gp assgn2 final game\waffelo\debug\portal.obj
d:\ngee ann\semester 6\game programming\assignment 2\assignment 2 final submission\gp assgn2 final game\waffelo\debug\shrink.obj
d:\ngee ann\semester 6\game programming\assignment 2\assignment 2 final submission\gp assgn2 final game\waffelo\debug\soldierwaffle.obj
d:\ngee ann\semester 6\game programming\assignment 2\assignment 2 final submission\gp assgn2 final game\waffelo\debug\state.obj
d:\ngee ann\semester 6\game programming\assignment 2\assignment 2 final submission\gp assgn2 final game\waffelo\debug\strength.obj
d:\ngee ann\semester 6\game programming\assignment 2\assignment 2 final submission\gp assgn2 final game\waffelo\debug\tile.obj
d:\ngee ann\semester 6\game programming\assignment 2\assignment 2 final submission\gp assgn2 final game\waffelo\debug\tilemap.obj
d:\ngee ann\semester 6\game programming\assignment 2\assignment 2 final submission\gp assgn2 final game\waffelo\debug\textdx.obj
d:\ngee ann\semester 6\game programming\assignment 2\assignment 2 final submission\gp assgn2 final game\waffelo\debug\texturemanager.obj
d:\ngee ann\semester 6\game programming\assignment 2\assignment 2 final submission\gp assgn2 final game\waffelo\debug\threecsdx.obj
d:\ngee ann\semester 6\game programming\assignment 2\assignment 2 final submission\gp assgn2 final game\waffelo\debug\wafflecollectible.obj
d:\ngee ann\semester 6\game programming\assignment 2\assignment 2 final submission\gp assgn2 final game\waffelo\debug\winmain.obj
d:\ngee ann\semester 6\game programming\assignment 2\assignment 2 final submission\gp assgn2 final game\waffelo\debug\ai.obj
d:\ngee ann\semester 6\game programming\assignment 2\assignment 2 final submission\gp assgn2 final game\waffelo\debug\berry.obj
d:\ngee ann\semester 6\game programming\assignment 2\assignment 2 final submission\gp assgn2 final game\waffelo\debug\breakable.obj
d:\ngee ann\semester 6\game programming\assignment 2\assignment 2 final submission\gp assgn2 final game\waffelo\debug\bubble.obj
d:\ngee ann\semester 6\game programming\assignment 2\assignment 2 final submission\gp assgn2 final game\waffelo\debug\bullet.obj
d:\ngee ann\semester 6\game programming\assignment 2\assignment 2 final submission\gp assgn2 final game\waffelo\debug\entity.obj
d:\ngee ann\semester 6\game programming\assignment 2\assignment 2 final submission\gp assgn2 final game\waffelo\debug\waffelo.tlog\cl.command.1.tlog
d:\ngee ann\semester 6\game programming\assignment 2\assignment 2 final submission\gp assgn2 final game\waffelo\debug\waffelo.tlog\cl.read.1.tlog
d:\ngee ann\semester 6\game programming\assignment 2\assignment 2 final submission\gp assgn2 final game\waffelo\debug\waffelo.tlog\cl.write.1.tlog
